{"/Users/sauleguzyte/Projects/week9/tuesw2acebook/Acebook/database/connection.js": {"path":"/Users/sauleguzyte/Projects/week9/tuesw2acebook/Acebook/database/connection.js","statementMap":{"0":{"start":{"line":1,"column":13},"end":{"line":1,"column":31}},"1":{"start":{"line":2,"column":15},"end":{"line":2,"column":32}},"2":{"start":{"line":3,"column":0},"end":{"line":3,"column":16}},"3":{"start":{"line":4,"column":13},"end":{"line":7,"column":2}},"4":{"start":{"line":9,"column":0},"end":{"line":9,"column":27}}},"fnMap":{},"branchMap":{},"s":{"0":1,"1":1,"2":1,"3":1,"4":1},"f":{},"b":{},"_coverageSchema":"43e27e138ebf9cfc5966b082cf9a028302ed4184","hash":"5d443832a8d9c3d0db3c2d6c8cde4e56d8633dd4"}
,"/Users/sauleguzyte/Projects/week9/tuesw2acebook/Acebook/models/lib/post.js": {"path":"/Users/sauleguzyte/Projects/week9/tuesw2acebook/Acebook/models/lib/post.js","statementMap":{"0":{"start":{"line":1,"column":19},"end":{"line":1,"column":55}},"1":{"start":{"line":5,"column":4},"end":{"line":5,"column":16}},"2":{"start":{"line":6,"column":4},"end":{"line":6,"column":26}},"3":{"start":{"line":7,"column":4},"end":{"line":7,"column":20}},"4":{"start":{"line":8,"column":4},"end":{"line":8,"column":20}},"5":{"start":{"line":12,"column":3},"end":{"line":12,"column":105}},"6":{"start":{"line":16,"column":24},"end":{"line":16,"column":26}},"7":{"start":{"line":17,"column":19},"end":{"line":17,"column":114}},"8":{"start":{"line":18,"column":4},"end":{"line":21,"column":7}},"9":{"start":{"line":19,"column":6},"end":{"line":19,"column":62}},"10":{"start":{"line":20,"column":6},"end":{"line":20,"column":95}},"11":{"start":{"line":22,"column":4},"end":{"line":22,"column":25}},"12":{"start":{"line":26,"column":0},"end":{"line":26,"column":22}}},"fnMap":{"0":{"name":"(anonymous_0)","decl":{"start":{"line":4,"column":2},"end":{"line":4,"column":3}},"loc":{"start":{"line":4,"column":39},"end":{"line":9,"column":3}},"line":4},"1":{"name":"(anonymous_1)","decl":{"start":{"line":11,"column":2},"end":{"line":11,"column":3}},"loc":{"start":{"line":11,"column":39},"end":{"line":13,"column":3}},"line":11},"2":{"name":"(anonymous_2)","decl":{"start":{"line":15,"column":2},"end":{"line":15,"column":3}},"loc":{"start":{"line":15,"column":26},"end":{"line":23,"column":3}},"line":15},"3":{"name":"(anonymous_3)","decl":{"start":{"line":18,"column":26},"end":{"line":18,"column":27}},"loc":{"start":{"line":18,"column":39},"end":{"line":21,"column":5}},"line":18}},"branchMap":{},"s":{"0":1,"1":6,"2":6,"3":6,"4":6,"5":5,"6":2,"7":2,"8":2,"9":4,"10":4,"11":2,"12":1},"f":{"0":6,"1":5,"2":2,"3":4},"b":{},"_coverageSchema":"43e27e138ebf9cfc5966b082cf9a028302ed4184","hash":"82649c1e9d39e7c8bcfd85af5e665dc4030b6ddd"}
,"/Users/sauleguzyte/Projects/week9/tuesw2acebook/Acebook/views/loginInterface.js": {"path":"/Users/sauleguzyte/Projects/week9/tuesw2acebook/Acebook/views/loginInterface.js","statementMap":{"0":{"start":{"line":3,"column":16},"end":{"line":3,"column":44}},"1":{"start":{"line":4,"column":2},"end":{"line":4,"column":40}},"2":{"start":{"line":5,"column":2},"end":{"line":5,"column":49}},"3":{"start":{"line":6,"column":2},"end":{"line":6,"column":55}},"4":{"start":{"line":7,"column":2},"end":{"line":7,"column":57}},"5":{"start":{"line":8,"column":2},"end":{"line":8,"column":53}},"6":{"start":{"line":9,"column":2},"end":{"line":9,"column":46}},"7":{"start":{"line":11,"column":2},"end":{"line":11,"column":54}},"8":{"start":{"line":12,"column":2},"end":{"line":12,"column":55}},"9":{"start":{"line":15,"column":17},"end":{"line":15,"column":54}},"10":{"start":{"line":16,"column":2},"end":{"line":16,"column":39}},"11":{"start":{"line":17,"column":2},"end":{"line":17,"column":33}},"12":{"start":{"line":21,"column":14},"end":{"line":21,"column":42}},"13":{"start":{"line":22,"column":2},"end":{"line":24,"column":5}},"14":{"start":{"line":23,"column":4},"end":{"line":23,"column":36}}},"fnMap":{"0":{"name":"onSignIn","decl":{"start":{"line":1,"column":9},"end":{"line":1,"column":17}},"loc":{"start":{"line":1,"column":30},"end":{"line":18,"column":1}},"line":1},"1":{"name":"signOut","decl":{"start":{"line":20,"column":9},"end":{"line":20,"column":16}},"loc":{"start":{"line":20,"column":19},"end":{"line":25,"column":1}},"line":20},"2":{"name":"(anonymous_2)","decl":{"start":{"line":22,"column":23},"end":{"line":22,"column":24}},"loc":{"start":{"line":22,"column":35},"end":{"line":24,"column":3}},"line":22}},"branchMap":{},"s":{"0":0,"1":0,"2":0,"3":0,"4":0,"5":0,"6":0,"7":0,"8":0,"9":0,"10":0,"11":0,"12":0,"13":0,"14":0},"f":{"0":0,"1":0,"2":0},"b":{},"_coverageSchema":"43e27e138ebf9cfc5966b082cf9a028302ed4184","hash":"26e704c70ad007832711236255334fed8bdd280e"}
}
