{"/Users/Isabel/projects/Makers_Month4/Acebook/database/connection.js": {"path":"/Users/Isabel/projects/Makers_Month4/Acebook/database/connection.js","statementMap":{"0":{"start":{"line":1,"column":13},"end":{"line":1,"column":31}},"1":{"start":{"line":2,"column":15},"end":{"line":2,"column":32}},"2":{"start":{"line":3,"column":0},"end":{"line":3,"column":16}},"3":{"start":{"line":4,"column":13},"end":{"line":7,"column":2}},"4":{"start":{"line":10,"column":0},"end":{"line":10,"column":27}}},"fnMap":{},"branchMap":{},"s":{"0":1,"1":1,"2":1,"3":1,"4":1},"f":{},"b":{},"_coverageSchema":"43e27e138ebf9cfc5966b082cf9a028302ed4184","hash":"fd3b61b8b1cfd4ab4406a5682ff847657f7c5b5c"}
,"/Users/Isabel/projects/Makers_Month4/Acebook/models/lib/post.js": {"path":"/Users/Isabel/projects/Makers_Month4/Acebook/models/lib/post.js","statementMap":{"0":{"start":{"line":1,"column":19},"end":{"line":1,"column":55}},"1":{"start":{"line":5,"column":4},"end":{"line":5,"column":16}},"2":{"start":{"line":6,"column":4},"end":{"line":6,"column":26}},"3":{"start":{"line":9,"column":3},"end":{"line":9,"column":84}},"4":{"start":{"line":12,"column":24},"end":{"line":12,"column":26}},"5":{"start":{"line":13,"column":19},"end":{"line":13,"column":69}},"6":{"start":{"line":14,"column":5},"end":{"line":16,"column":8}},"7":{"start":{"line":15,"column":7},"end":{"line":15,"column":64}},"8":{"start":{"line":17,"column":5},"end":{"line":17,"column":26}},"9":{"start":{"line":21,"column":0},"end":{"line":21,"column":22}}},"fnMap":{"0":{"name":"(anonymous_0)","decl":{"start":{"line":4,"column":2},"end":{"line":4,"column":3}},"loc":{"start":{"line":4,"column":26},"end":{"line":7,"column":3}},"line":4},"1":{"name":"(anonymous_1)","decl":{"start":{"line":8,"column":2},"end":{"line":8,"column":3}},"loc":{"start":{"line":8,"column":33},"end":{"line":10,"column":2}},"line":8},"2":{"name":"(anonymous_2)","decl":{"start":{"line":11,"column":2},"end":{"line":11,"column":3}},"loc":{"start":{"line":11,"column":26},"end":{"line":18,"column":3}},"line":11},"3":{"name":"(anonymous_3)","decl":{"start":{"line":14,"column":27},"end":{"line":14,"column":28}},"loc":{"start":{"line":14,"column":40},"end":{"line":16,"column":6}},"line":14}},"branchMap":{},"s":{"0":1,"1":6,"2":6,"3":5,"4":2,"5":2,"6":2,"7":4,"8":2,"9":1},"f":{"0":6,"1":5,"2":2,"3":4},"b":{},"_coverageSchema":"43e27e138ebf9cfc5966b082cf9a028302ed4184","hash":"23681b363250cc8492cc5f3f49e6d78e4a548c29"}
}
