TN:
SF:/Users/Isabel/projects/Makers_Month4/Acebook/database/connection.js
FNF:0
FNH:0
DA:1,1
DA:2,1
DA:26,1
LF:3
LH:3
BRF:0
BRH:0
end_of_record
TN:
SF:/Users/Isabel/projects/Makers_Month4/Acebook/models/lib/post.js
FN:5,(anonymous_0)
FN:9,(anonymous_1)
FN:13,(anonymous_2)
FN:16,(anonymous_3)
FNF:4
FNH:2
FNDA:2,(anonymous_0)
FNDA:3,(anonymous_1)
FNDA:0,(anonymous_2)
FNDA:0,(anonymous_3)
DA:1,1
DA:6,2
DA:7,2
DA:10,3
DA:14,0
DA:15,0
DA:16,0
DA:17,0
DA:19,0
DA:26,1
LF:10
LH:5
BRF:0
BRH:0
end_of_record
