TN:
SF:/Users/cmontgom/Projects/MakersCourse/Week10/Acebook/database/connection.js
FNF:0
FNH:0
DA:1,1
DA:2,1
DA:3,1
DA:4,1
DA:9,1
LF:5
LH:5
BRF:0
BRH:0
end_of_record
TN:
SF:/Users/cmontgom/Projects/MakersCourse/Week10/Acebook/models/lib/post.js
FN:4,(anonymous_0)
FN:10,(anonymous_1)
FN:14,(anonymous_2)
FN:17,(anonymous_3)
FNF:4
FNH:1
FNDA:2,(anonymous_0)
FNDA:0,(anonymous_1)
FNDA:0,(anonymous_2)
FNDA:0,(anonymous_3)
DA:1,1
DA:5,2
DA:6,2
DA:7,2
DA:8,2
DA:11,0
DA:15,0
DA:16,0
DA:17,0
DA:18,0
DA:19,0
DA:21,0
DA:25,1
LF:13
LH:6
BRF:0
BRH:0
end_of_record
